<?xml version="1.0" encoding="UTF-8"?>
<!-- Generated by org.testng.reporters.JUnitReportReporter -->
<testsuite hostname="DESKTOP-1447BG9" failures="0" tests="3" name="tests.MySelChromeTest" time="27.882" errors="0" timestamp="2024-01-30T20:46:15 EST" skipped="0">
  <testcase classname="tests.MySelChromeTest" name="enterSearchAndValidateTextInChrome" time="3.946">
    <system-out>
      <![CDATA[Text 'Clover: Credit Card Processing for Small Businesses | POS ...' found on search engine Google
URL 'clover' found on search engine Google
First Text 'clover' found on search engine Google]]>
    </system-out>
  </testcase> <!-- enterSearchAndValidateTextInChrome -->
  <testcase classname="tests.MySelChromeTest" name="enterSearchAndValidateTextInChrome" time="22.131">
    <system-out>
      <![CDATA[Text 'www.clover.com
Clover - Credit Card Processing for Small Businesses | POS ...' found on search engine yahoo
URL 'clover' found on search engine yahoo
First Text 'clover' found on search engine yahoo]]>
    </system-out>
  </testcase> <!-- enterSearchAndValidateTextInChrome -->
  <testcase classname="tests.MySelChromeTest" name="enterSearchAndValidateTextInChrome" time="1.805">
    <system-out>
      <![CDATA[Text 'Clover Dashboard' found on search engine Bing
URL 'clover' found on search engine Bing
First Text 'clover' found on search engine Bing]]>
    </system-out>
  </testcase> <!-- enterSearchAndValidateTextInChrome -->
  <system-out>
    <![CDATA[Text 'Clover: Credit Card Processing for Small Businesses | POS ...' found on search engine Google
First Text 'clover' found on search engine Google
Text 'Clover: Credit Card Processing for Small Businesses | POS ...' found on search engine Google
URL 'clover' found on search engine Google
First Text 'clover' found on search engine Google
Text 'Clover Dashboard' found on search engine Bing
First Text 'clover' found on search engine Bing
Text 'Clover Dashboard' found on search engine Bing
URL 'clover' found on search engine Bing
First Text 'clover' found on search engine Bing
Text 'www.clover.com
Clover - Credit Card Processing for Small Businesses | POS ...' found on search engine yahoo
First Text 'clover' found on search engine yahoo
Text 'www.clover.com
Clover - Credit Card Processing for Small Businesses | POS ...' found on search engine yahoo
URL 'clover' found on search engine yahoo
First Text 'clover' found on search engine yahoo]]>
  </system-out>
</testsuite> <!-- tests.MySelChromeTest -->
